# JRE version: Java(TM) SE Runtime Environment (13.0.1+9) (build 13.0.1+9)
# Java VM: Java HotSpot(TM) 64-Bit Server VM (13.0.1+9, mixed mode, sharing, tiered, compressed oops, g1 gc, windows-amd64)
Heap:
 garbage-first heap   total 301056K, used 178496K [0x00000000c0000000, 0x0000000100000000)
  region size 1024K, 9 young (9216K), 8 survivors (8192K)
 Metaspace       used 42366K, capacity 44518K, committed 44720K, reserved 1089536K
  class space    used 4489K, capacity 5341K, committed 5376K, reserved 1048576K
GC Heap History (20 events):
Event: 197.511 GC heap before
{Heap before GC invocations=83 (full 0):
 garbage-first heap   total 222208K, used 157999K [0x00000000c0000000, 0x0000000100000000)
  region size 1024K, 45 young (46080K), 6 survivors (6144K)
 Metaspace       used 42298K, capacity 44518K, committed 44720K, reserved 1089536K
  class space    used 4481K, capacity 5341K, committed 5376K, reserved 1048576K
}
Event: 197.574 GC heap after
{Heap after GC invocations=84 (full 0):
 garbage-first heap   total 222208K, used 121939K [0x00000000c0000000, 0x0000000100000000)
  region size 1024K, 4 young (4096K), 4 survivors (4096K)
 Metaspace       used 42298K, capacity 44518K, committed 44720K, reserved 1089536K
  class space    used 4481K, capacity 5341K, committed 5376K, reserved 1048576K
}
Event: 198.356 GC heap before
{Heap before GC invocations=84 (full 0):
 garbage-first heap   total 222208K, used 171091K [0x00000000c0000000, 0x0000000100000000)
  region size 1024K, 52 young (53248K), 4 survivors (4096K)
 Metaspace       used 42298K, capacity 44518K, committed 44720K, reserved 1089536K
  class space    used 4481K, capacity 5341K, committed 5376K, reserved 1048576K
}
Event: 198.403 GC heap after
{Heap after GC invocations=85 (full 0):
 garbage-first heap   total 222208K, used 126462K [0x00000000c0000000, 0x0000000100000000)
  region size 1024K, 7 young (7168K), 7 survivors (7168K)
 Metaspace       used 42298K, capacity 44518K, committed 44720K, reserved 1089536K
  class space    used 4481K, capacity 5341K, committed 5376K, reserved 1048576K
}
Event: 199.632 GC heap before
{Heap before GC invocations=86 (full 0):
 garbage-first heap   total 244736K, used 174590K [0x00000000c0000000, 0x0000000100000000)
  region size 1024K, 55 young (56320K), 7 survivors (7168K)
 Metaspace       used 42298K, capacity 44518K, committed 44720K, reserved 1089536K
  class space    used 4481K, capacity 5341K, committed 5376K, reserved 1048576K
}
Event: 199.699 GC heap after
{Heap after GC invocations=87 (full 0):
 garbage-first heap   total 244736K, used 131818K [0x00000000c0000000, 0x0000000100000000)
  region size 1024K, 5 young (5120K), 5 survivors (5120K)
 Metaspace       used 42298K, capacity 44518K, committed 44720K, reserved 1089536K
  class space    used 4481K, capacity 5341K, committed 5376K, reserved 1048576K
}
Event: 202.057 GC heap before
{Heap before GC invocations=87 (full 0):
 garbage-first heap   total 244736K, used 190186K [0x00000000c0000000, 0x0000000100000000)
  region size 1024K, 62 young (63488K), 5 survivors (5120K)
 Metaspace       used 42324K, capacity 44518K, committed 44720K, reserved 1089536K
  class space    used 4488K, capacity 5341K, committed 5376K, reserved 1048576K
}
Event: 202.101 GC heap after
{Heap after GC invocations=88 (full 0):
 garbage-first heap   total 244736K, used 138752K [0x00000000c0000000, 0x0000000100000000)
  region size 1024K, 7 young (7168K), 7 survivors (7168K)
 Metaspace       used 42324K, capacity 44518K, committed 44720K, reserved 1089536K
  class space    used 4488K, capacity 5341K, committed 5376K, reserved 1048576K
}
Event: 204.196 GC heap before
{Heap before GC invocations=89 (full 0):
 garbage-first heap   total 244736K, used 197120K [0x00000000c0000000, 0x0000000100000000)
  region size 1024K, 64 young (65536K), 7 survivors (7168K)
 Metaspace       used 42331K, capacity 44518K, committed 44720K, reserved 1089536K
  class space    used 4488K, capacity 5341K, committed 5376K, reserved 1048576K
}
Event: 204.248 GC heap after
{Heap after GC invocations=90 (full 0):
 garbage-first heap   total 244736K, used 144364K [0x00000000c0000000, 0x0000000100000000)
  region size 1024K, 6 young (6144K), 6 survivors (6144K)
 Metaspace       used 42331K, capacity 44518K, committed 44720K, reserved 1089536K
  class space    used 4488K, capacity 5341K, committed 5376K, reserved 1048576K
}
Event: 205.901 GC heap before
{Heap before GC invocations=90 (full 0):
 garbage-first heap   total 244736K, used 201708K [0x00000000c0000000, 0x0000000100000000)
  region size 1024K, 62 young (63488K), 6 survivors (6144K)
 Metaspace       used 42331K, capacity 44518K, committed 44720K, reserved 1089536K
  class space    used 4488K, capacity 5341K, committed 5376K, reserved 1048576K
}
Event: 205.944 GC heap after
{Heap after GC invocations=91 (full 0):
 garbage-first heap   total 244736K, used 150528K [0x00000000c0000000, 0x0000000100000000)
  region size 1024K, 6 young (6144K), 6 survivors (6144K)
 Metaspace       used 42331K, capacity 44518K, committed 44720K, reserved 1089536K
  class space    used 4488K, capacity 5341K, committed 5376K, reserved 1048576K
}
Event: 207.938 GC heap before
{Heap before GC invocations=92 (full 0):
 garbage-first heap   total 252928K, used 203776K [0x00000000c0000000, 0x0000000100000000)
  region size 1024K, 58 young (59392K), 6 survivors (6144K)
 Metaspace       used 42331K, capacity 44518K, committed 44720K, reserved 1089536K
  class space    used 4488K, capacity 5341K, committed 5376K, reserved 1048576K
}
Event: 207.993 GC heap after
{Heap after GC invocations=93 (full 0):
 garbage-first heap   total 252928K, used 157184K [0x00000000c0000000, 0x0000000100000000)
  region size 1024K, 7 young (7168K), 7 survivors (7168K)
 Metaspace       used 42331K, capacity 44518K, committed 44720K, reserved 1089536K
  class space    used 4488K, capacity 5341K, committed 5376K, reserved 1048576K
}
Event: 210.153 GC heap before
{Heap before GC invocations=93 (full 0):
 garbage-first heap   total 252928K, used 209408K [0x00000000c0000000, 0x0000000100000000)
  region size 1024K, 59 young (60416K), 7 survivors (7168K)
 Metaspace       used 42331K, capacity 44518K, committed 44720K, reserved 1089536K
  class space    used 4488K, capacity 5341K, committed 5376K, reserved 1048576K
}
Event: 210.195 GC heap after
{Heap after GC invocations=94 (full 0):
 garbage-first heap   total 252928K, used 160768K [0x00000000c0000000, 0x0000000100000000)
  region size 1024K, 4 young (4096K), 4 survivors (4096K)
 Metaspace       used 42331K, capacity 44518K, committed 44720K, reserved 1089536K
  class space    used 4488K, capacity 5341K, committed 5376K, reserved 1048576K
}
Event: 239.264 GC heap before
{Heap before GC invocations=95 (full 0):
 garbage-first heap   total 271360K, used 211968K [0x00000000c0000000, 0x0000000100000000)
  region size 1024K, 55 young (56320K), 4 survivors (4096K)
 Metaspace       used 42360K, capacity 44518K, committed 44720K, reserved 1089536K
  class space    used 4489K, capacity 5341K, committed 5376K, reserved 1048576K
}
Event: 239.334 GC heap after
{Heap after GC invocations=96 (full 0):
 garbage-first heap   total 271360K, used 167424K [0x00000000c0000000, 0x0000000100000000)
  region size 1024K, 7 young (7168K), 7 survivors (7168K)
 Metaspace       used 42360K, capacity 44518K, committed 44720K, reserved 1089536K
  class space    used 4489K, capacity 5341K, committed 5376K, reserved 1048576K
}
Event: 256.321 GC heap before
{Heap before GC invocations=96 (full 0):
 garbage-first heap   total 271360K, used 177664K [0x00000000c0000000, 0x0000000100000000)
  region size 1024K, 19 young (19456K), 7 survivors (7168K)
 Metaspace       used 42366K, capacity 44518K, committed 44720K, reserved 1089536K
  class space    used 4489K, capacity 5341K, committed 5376K, reserved 1048576K
}
Event: 256.391 GC heap after
{Heap after GC invocations=97 (full 0):
 garbage-first heap   total 271360K, used 176448K [0x00000000c0000000, 0x0000000100000000)
  region size 1024K, 8 young (8192K), 8 survivors (8192K)
 Metaspace       used 42366K, capacity 44518K, committed 44720K, reserved 1089536K
  class space    used 4489K, capacity 5341K, committed 5376K, reserved 1048576K
}

