# JRE version: Java(TM) SE Runtime Environment (13.0.1+9) (build 13.0.1+9)
# Java VM: Java HotSpot(TM) 64-Bit Server VM (13.0.1+9, mixed mode, sharing, tiered, compressed oops, g1 gc, windows-amd64)
Heap:
 garbage-first heap   total 287744K, used 193250K [0x00000000c0000000, 0x0000000100000000)
  region size 1024K, 55 young (56320K), 11 survivors (11264K)
 Metaspace       used 48385K, capacity 50638K, committed 50864K, reserved 1093632K
  class space    used 5674K, capacity 6576K, committed 6656K, reserved 1048576K
GC Heap History (20 events):
Event: 461.598 GC heap before
{Heap before GC invocations=54 (full 0):
 garbage-first heap   total 176128K, used 130050K [0x00000000c0000000, 0x0000000100000000)
  region size 1024K, 36 young (36864K), 5 survivors (5120K)
 Metaspace       used 38935K, capacity 41059K, committed 41264K, reserved 1085440K
  class space    used 4045K, capacity 4883K, committed 4992K, reserved 1048576K
}
Event: 461.645 GC heap after
{Heap after GC invocations=55 (full 0):
 garbage-first heap   total 176128K, used 102168K [0x00000000c0000000, 0x0000000100000000)
  region size 1024K, 4 young (4096K), 4 survivors (4096K)
 Metaspace       used 38935K, capacity 41059K, committed 41264K, reserved 1085440K
  class space    used 4045K, capacity 4883K, committed 4992K, reserved 1048576K
}
Event: 462.261 GC heap before
{Heap before GC invocations=55 (full 0):
 garbage-first heap   total 176128K, used 138008K [0x00000000c0000000, 0x0000000100000000)
  region size 1024K, 40 young (40960K), 4 survivors (4096K)
 Metaspace       used 38935K, capacity 41059K, committed 41264K, reserved 1085440K
  class space    used 4045K, capacity 4883K, committed 4992K, reserved 1048576K
}
Event: 462.304 GC heap after
{Heap after GC invocations=56 (full 0):
 garbage-first heap   total 176128K, used 105616K [0x00000000c0000000, 0x0000000100000000)
  region size 1024K, 4 young (4096K), 4 survivors (4096K)
 Metaspace       used 38935K, capacity 41059K, committed 41264K, reserved 1085440K
  class space    used 4045K, capacity 4883K, committed 4992K, reserved 1048576K
}
Event: 463.780 GC heap before
{Heap before GC invocations=57 (full 0):
 garbage-first heap   total 186368K, used 145552K [0x00000000c0000000, 0x0000000100000000)
  region size 1024K, 39 young (39936K), 4 survivors (4096K)
 Metaspace       used 38937K, capacity 41059K, committed 41264K, reserved 1085440K
  class space    used 4045K, capacity 4883K, committed 4992K, reserved 1048576K
}
Event: 463.844 GC heap after
{Heap after GC invocations=58 (full 0):
 garbage-first heap   total 186368K, used 113678K [0x00000000c0000000, 0x0000000100000000)
  region size 1024K, 4 young (4096K), 4 survivors (4096K)
 Metaspace       used 38937K, capacity 41059K, committed 41264K, reserved 1085440K
  class space    used 4045K, capacity 4883K, committed 4992K, reserved 1048576K
}
Event: 464.430 GC heap before
{Heap before GC invocations=58 (full 0):
 garbage-first heap   total 186368K, used 151566K [0x00000000c0000000, 0x0000000100000000)
  region size 1024K, 41 young (41984K), 4 survivors (4096K)
 Metaspace       used 38937K, capacity 41059K, committed 41264K, reserved 1085440K
  class space    used 4045K, capacity 4883K, committed 4992K, reserved 1048576K
}
Event: 464.486 GC heap after
{Heap after GC invocations=59 (full 0):
 garbage-first heap   total 221184K, used 118650K [0x00000000c0000000, 0x0000000100000000)
  region size 1024K, 5 young (5120K), 5 survivors (5120K)
 Metaspace       used 38937K, capacity 41059K, committed 41264K, reserved 1085440K
  class space    used 4045K, capacity 4883K, committed 4992K, reserved 1048576K
}
Event: 465.587 GC heap before
{Heap before GC invocations=60 (full 0):
 garbage-first heap   total 221184K, used 132986K [0x00000000c0000000, 0x0000000100000000)
  region size 1024K, 23 young (23552K), 5 survivors (5120K)
 Metaspace       used 39132K, capacity 41347K, committed 41520K, reserved 1085440K
  class space    used 4075K, capacity 4955K, committed 4992K, reserved 1048576K
}
Event: 465.647 GC heap after
{Heap after GC invocations=61 (full 0):
 garbage-first heap   total 221184K, used 119808K [0x00000000c0000000, 0x0000000100000000)
  region size 1024K, 3 young (3072K), 3 survivors (3072K)
 Metaspace       used 39132K, capacity 41347K, committed 41520K, reserved 1085440K
  class space    used 4075K, capacity 4955K, committed 4992K, reserved 1048576K
}
Event: 467.674 GC heap before
{Heap before GC invocations=62 (full 0):
 garbage-first heap   total 221184K, used 167936K [0x00000000c0000000, 0x0000000100000000)
  region size 1024K, 48 young (49152K), 3 survivors (3072K)
 Metaspace       used 40744K, capacity 42960K, committed 43056K, reserved 1087488K
  class space    used 4323K, capacity 5218K, committed 5248K, reserved 1048576K
}
Event: 467.730 GC heap after
{Heap after GC invocations=63 (full 0):
 garbage-first heap   total 221184K, used 127822K [0x00000000c0000000, 0x0000000100000000)
  region size 1024K, 6 young (6144K), 6 survivors (6144K)
 Metaspace       used 40744K, capacity 42960K, committed 43056K, reserved 1087488K
  class space    used 4323K, capacity 5218K, committed 5248K, reserved 1048576K
}
Event: 469.289 GC heap before
{Heap before GC invocations=63 (full 0):
 garbage-first heap   total 221184K, used 170830K [0x00000000c0000000, 0x0000000100000000)
  region size 1024K, 49 young (50176K), 6 survivors (6144K)
 Metaspace       used 40845K, capacity 43144K, committed 43440K, reserved 1087488K
  class space    used 4343K, capacity 5258K, committed 5376K, reserved 1048576K
}
Event: 469.356 GC heap after
{Heap after GC invocations=64 (full 0):
 garbage-first heap   total 221184K, used 135063K [0x00000000c0000000, 0x0000000100000000)
  region size 1024K, 7 young (7168K), 7 survivors (7168K)
 Metaspace       used 40845K, capacity 43144K, committed 43440K, reserved 1087488K
  class space    used 4343K, capacity 5258K, committed 5376K, reserved 1048576K
}
Event: 470.917 GC heap before
{Heap before GC invocations=65 (full 0):
 garbage-first heap   total 256000K, used 172951K [0x00000000c0000000, 0x0000000100000000)
  region size 1024K, 45 young (46080K), 7 survivors (7168K)
 Metaspace       used 43640K, capacity 46018K, committed 46128K, reserved 1089536K
  class space    used 4766K, capacity 5683K, committed 5760K, reserved 1048576K
}
Event: 470.996 GC heap after
{Heap after GC invocations=66 (full 0):
 garbage-first heap   total 287744K, used 139065K [0x00000000c0000000, 0x0000000100000000)
  region size 1024K, 4 young (4096K), 4 survivors (4096K)
 Metaspace       used 43640K, capacity 46018K, committed 46128K, reserved 1089536K
  class space    used 4766K, capacity 5683K, committed 5760K, reserved 1048576K
}
Event: 473.821 GC heap before
{Heap before GC invocations=66 (full 0):
 garbage-first heap   total 287744K, used 204601K [0x00000000c0000000, 0x0000000100000000)
  region size 1024K, 68 young (69632K), 4 survivors (4096K)
 Metaspace       used 46981K, capacity 49272K, committed 49328K, reserved 1091584K
  class space    used 5492K, capacity 6396K, committed 6400K, reserved 1048576K
}
Event: 473.889 GC heap after
{Heap after GC invocations=67 (full 0):
 garbage-first heap   total 287744K, used 142137K [0x00000000c0000000, 0x0000000100000000)
  region size 1024K, 7 young (7168K), 7 survivors (7168K)
 Metaspace       used 46981K, capacity 49272K, committed 49328K, reserved 1091584K
  class space    used 5492K, capacity 6396K, committed 6400K, reserved 1048576K
}
Event: 481.535 GC heap before
{Heap before GC invocations=68 (full 0):
 garbage-first heap   total 287744K, used 225081K [0x00000000c0000000, 0x0000000100000000)
  region size 1024K, 88 young (90112K), 7 survivors (7168K)
 Metaspace       used 48060K, capacity 50337K, committed 50608K, reserved 1093632K
  class space    used 5632K, capacity 6540K, committed 6656K, reserved 1048576K
}
Event: 481.617 GC heap after
{Heap after GC invocations=69 (full 0):
 garbage-first heap   total 287744K, used 149218K [0x00000000c0000000, 0x0000000100000000)
  region size 1024K, 11 young (11264K), 11 survivors (11264K)
 Metaspace       used 48060K, capacity 50337K, committed 50608K, reserved 1093632K
  class space    used 5632K, capacity 6540K, committed 6656K, reserved 1048576K
}

