# JRE version: Java(TM) SE Runtime Environment (13.0.1+9) (build 13.0.1+9)
# Java VM: Java HotSpot(TM) 64-Bit Server VM (13.0.1+9, mixed mode, sharing, tiered, compressed oops, g1 gc, windows-amd64)
Heap:
 garbage-first heap   total 65536K, used 20096K [0x00000000e0000000, 0x0000000100000000)
  region size 1024K, 8 young (8192K), 3 survivors (3072K)
 Metaspace       used 15116K, capacity 15591K, committed 15744K, reserved 268288K
  class space    used 2235K, capacity 2395K, committed 2432K, reserved 253952K
GC Heap History (14 events):
Event: 1.565 GC heap before
{Heap before GC invocations=0 (full 0):
 garbage-first heap   total 65536K, used 9216K [0x00000000e0000000, 0x0000000100000000)
  region size 1024K, 7 young (7168K), 0 survivors (0K)
 Metaspace       used 1061K, capacity 4882K, committed 5120K, reserved 262144K
  class space    used 92K, capacity 476K, committed 512K, reserved 253952K
}
Event: 1.595 GC heap after
{Heap after GC invocations=1 (full 0):
 garbage-first heap   total 65536K, used 5684K [0x00000000e0000000, 0x0000000100000000)
  region size 1024K, 1 young (1024K), 1 survivors (1024K)
 Metaspace       used 1061K, capacity 4882K, committed 5120K, reserved 262144K
  class space    used 92K, capacity 476K, committed 512K, reserved 253952K
}
Event: 3.063 GC heap before
{Heap before GC invocations=1 (full 0):
 garbage-first heap   total 65536K, used 9780K [0x00000000e0000000, 0x0000000100000000)
  region size 1024K, 5 young (5120K), 1 survivors (1024K)
 Metaspace       used 2125K, capacity 5501K, committed 5760K, reserved 262144K
  class space    used 239K, capacity 576K, committed 640K, reserved 253952K
}
Event: 3.068 GC heap after
{Heap after GC invocations=2 (full 0):
 garbage-first heap   total 65536K, used 6842K [0x00000000e0000000, 0x0000000100000000)
  region size 1024K, 1 young (1024K), 1 survivors (1024K)
 Metaspace       used 2125K, capacity 5501K, committed 5760K, reserved 262144K
  class space    used 239K, capacity 576K, committed 640K, reserved 253952K
}
Event: 4.349 GC heap before
{Heap before GC invocations=2 (full 0):
 garbage-first heap   total 65536K, used 16058K [0x00000000e0000000, 0x0000000100000000)
  region size 1024K, 10 young (10240K), 1 survivors (1024K)
 Metaspace       used 3640K, capacity 6475K, committed 6656K, reserved 262144K
  class space    used 463K, capacity 753K, committed 768K, reserved 253952K
}
Event: 4.355 GC heap after
{Heap after GC invocations=3 (full 0):
 garbage-first heap   total 65536K, used 7424K [0x00000000e0000000, 0x0000000100000000)
  region size 1024K, 2 young (2048K), 2 survivors (2048K)
 Metaspace       used 3640K, capacity 6475K, committed 6656K, reserved 262144K
  class space    used 463K, capacity 753K, committed 768K, reserved 253952K
}
Event: 5.682 GC heap before
{Heap before GC invocations=3 (full 0):
 garbage-first heap   total 65536K, used 21760K [0x00000000e0000000, 0x0000000100000000)
  region size 1024K, 16 young (16384K), 2 survivors (2048K)
 Metaspace       used 3801K, capacity 6476K, committed 6656K, reserved 262144K
  class space    used 463K, capacity 753K, committed 768K, reserved 253952K
}
Event: 5.689 GC heap after
{Heap after GC invocations=4 (full 0):
 garbage-first heap   total 65536K, used 8883K [0x00000000e0000000, 0x0000000100000000)
  region size 1024K, 2 young (2048K), 2 survivors (2048K)
 Metaspace       used 3801K, capacity 6476K, committed 6656K, reserved 262144K
  class space    used 463K, capacity 753K, committed 768K, reserved 253952K
}
Event: 10.330 GC heap before
{Heap before GC invocations=4 (full 0):
 garbage-first heap   total 65536K, used 29363K [0x00000000e0000000, 0x0000000100000000)
  region size 1024K, 23 young (23552K), 2 survivors (2048K)
 Metaspace       used 7342K, capacity 8301K, committed 8448K, reserved 262144K
  class space    used 1002K, capacity 1155K, committed 1280K, reserved 253952K
}
Event: 10.346 GC heap after
{Heap after GC invocations=5 (full 0):
 garbage-first heap   total 65536K, used 13084K [0x00000000e0000000, 0x0000000100000000)
  region size 1024K, 3 young (3072K), 3 survivors (3072K)
 Metaspace       used 7342K, capacity 8301K, committed 8448K, reserved 262144K
  class space    used 1002K, capacity 1155K, committed 1280K, reserved 253952K
}
Event: 15.102 GC heap before
{Heap before GC invocations=5 (full 0):
 garbage-first heap   total 65536K, used 34588K [0x00000000e0000000, 0x0000000100000000)
  region size 1024K, 25 young (25600K), 3 survivors (3072K)
 Metaspace       used 10866K, capacity 11294K, committed 11520K, reserved 264192K
  class space    used 1579K, capacity 1709K, committed 1792K, reserved 253952K
}
Event: 15.114 GC heap after
{Heap after GC invocations=6 (full 0):
 garbage-first heap   total 65536K, used 14564K [0x00000000e0000000, 0x0000000100000000)
  region size 1024K, 4 young (4096K), 4 survivors (4096K)
 Metaspace       used 10866K, capacity 11294K, committed 11520K, reserved 264192K
  class space    used 1579K, capacity 1709K, committed 1792K, reserved 253952K
}
Event: 17.116 GC heap before
{Heap before GC invocations=6 (full 0):
 garbage-first heap   total 65536K, used 37092K [0x00000000e0000000, 0x0000000100000000)
  region size 1024K, 26 young (26624K), 4 survivors (4096K)
 Metaspace       used 14361K, capacity 14805K, committed 14848K, reserved 268288K
  class space    used 2105K, capacity 2264K, committed 2304K, reserved 253952K
}
Event: 17.133 GC heap after
{Heap after GC invocations=7 (full 0):
 garbage-first heap   total 65536K, used 16000K [0x00000000e0000000, 0x0000000100000000)
  region size 1024K, 3 young (3072K), 3 survivors (3072K)
 Metaspace       used 14361K, capacity 14805K, committed 14848K, reserved 268288K
  class space    used 2105K, capacity 2264K, committed 2304K, reserved 253952K
}

