# JRE version: Java(TM) SE Runtime Environment (13.0.1+9) (build 13.0.1+9)
# Java VM: Java HotSpot(TM) 64-Bit Server VM (13.0.1+9, mixed mode, sharing, tiered, compressed oops, g1 gc, windows-amd64)
Heap:
 garbage-first heap   total 174080K, used 122368K [0x00000000c0000000, 0x0000000100000000)
  region size 1024K, 57 young (58368K), 6 survivors (6144K)
 Metaspace       used 50257K, capacity 52719K, committed 52784K, reserved 1099776K
  class space    used 5879K, capacity 6770K, committed 6784K, reserved 1048576K
GC Heap History (20 events):
Event: 439.347 GC heap before
{Heap before GC invocations=39 (full 0):
 garbage-first heap   total 93184K, used 60334K [0x00000000c0000000, 0x0000000100000000)
  region size 1024K, 25 young (25600K), 2 survivors (2048K)
 Metaspace       used 37567K, capacity 39849K, committed 40112K, reserved 1085440K
  class space    used 3983K, capacity 4832K, committed 4864K, reserved 1048576K
}
Event: 439.378 GC heap after
{Heap after GC invocations=40 (full 0):
 garbage-first heap   total 93184K, used 42580K [0x00000000c0000000, 0x0000000100000000)
  region size 1024K, 4 young (4096K), 4 survivors (4096K)
 Metaspace       used 37567K, capacity 39849K, committed 40112K, reserved 1085440K
  class space    used 3983K, capacity 4832K, committed 4864K, reserved 1048576K
}
Event: 440.616 GC heap before
{Heap before GC invocations=40 (full 0):
 garbage-first heap   total 93184K, used 64084K [0x00000000c0000000, 0x0000000100000000)
  region size 1024K, 25 young (25600K), 4 survivors (4096K)
 Metaspace       used 39188K, capacity 41459K, committed 41648K, reserved 1085440K
  class space    used 4231K, capacity 5094K, committed 5120K, reserved 1048576K
}
Event: 440.634 GC heap after
{Heap after GC invocations=41 (full 0):
 garbage-first heap   total 93184K, used 43667K [0x00000000c0000000, 0x0000000100000000)
  region size 1024K, 1 young (1024K), 1 survivors (1024K)
 Metaspace       used 39188K, capacity 41459K, committed 41648K, reserved 1085440K
  class space    used 4231K, capacity 5094K, committed 5120K, reserved 1048576K
}
Event: 441.394 GC heap before
{Heap before GC invocations=41 (full 0):
 garbage-first heap   total 93184K, used 64147K [0x00000000c0000000, 0x0000000100000000)
  region size 1024K, 22 young (22528K), 1 survivors (1024K)
 Metaspace       used 39307K, capacity 41707K, committed 42032K, reserved 1085440K
  class space    used 4251K, capacity 5134K, committed 5248K, reserved 1048576K
}
Event: 441.411 GC heap after
{Heap after GC invocations=42 (full 0):
 garbage-first heap   total 93184K, used 48128K [0x00000000c0000000, 0x0000000100000000)
  region size 1024K, 3 young (3072K), 3 survivors (3072K)
 Metaspace       used 39307K, capacity 41707K, committed 42032K, reserved 1085440K
  class space    used 4251K, capacity 5134K, committed 5248K, reserved 1048576K
}
Event: 442.089 GC heap before
{Heap before GC invocations=43 (full 0):
 garbage-first heap   total 93184K, used 67584K [0x00000000c0000000, 0x0000000100000000)
  region size 1024K, 23 young (23552K), 3 survivors (3072K)
 Metaspace       used 40883K, capacity 43198K, committed 43440K, reserved 1087488K
  class space    used 4451K, capacity 5334K, committed 5376K, reserved 1048576K
}
Event: 442.107 GC heap after
{Heap after GC invocations=44 (full 0):
 garbage-first heap   total 144384K, used 49727K [0x00000000c0000000, 0x0000000100000000)
  region size 1024K, 2 young (2048K), 2 survivors (2048K)
 Metaspace       used 40883K, capacity 43198K, committed 43440K, reserved 1087488K
  class space    used 4451K, capacity 5334K, committed 5376K, reserved 1048576K
}
Event: 442.292 GC heap before
{Heap before GC invocations=44 (full 0):
 garbage-first heap   total 144384K, used 53823K [0x00000000c0000000, 0x0000000100000000)
  region size 1024K, 7 young (7168K), 2 survivors (2048K)
 Metaspace       used 42078K, capacity 44414K, committed 44592K, reserved 1089536K
  class space    used 4574K, capacity 5462K, committed 5504K, reserved 1048576K
}
Event: 442.309 GC heap after
{Heap after GC invocations=45 (full 0):
 garbage-first heap   total 144384K, used 50147K [0x00000000c0000000, 0x0000000100000000)
  region size 1024K, 1 young (1024K), 1 survivors (1024K)
 Metaspace       used 42078K, capacity 44414K, committed 44592K, reserved 1089536K
  class space    used 4574K, capacity 5462K, committed 5504K, reserved 1048576K
}
Event: 444.064 GC heap before
{Heap before GC invocations=45 (full 0):
 garbage-first heap   total 144384K, used 83939K [0x00000000c0000000, 0x0000000100000000)
  region size 1024K, 35 young (35840K), 1 survivors (1024K)
 Metaspace       used 46316K, capacity 48613K, committed 48688K, reserved 1091584K
  class space    used 5327K, capacity 6263K, committed 6272K, reserved 1048576K
}
Event: 444.086 GC heap after
{Heap after GC invocations=46 (full 0):
 garbage-first heap   total 144384K, used 51004K [0x00000000c0000000, 0x0000000100000000)
  region size 1024K, 2 young (2048K), 2 survivors (2048K)
 Metaspace       used 46316K, capacity 48613K, committed 48688K, reserved 1091584K
  class space    used 5327K, capacity 6263K, committed 6272K, reserved 1048576K
}
Event: 447.733 GC heap before
{Heap before GC invocations=46 (full 0):
 garbage-first heap   total 144384K, used 91964K [0x00000000c0000000, 0x0000000100000000)
  region size 1024K, 43 young (44032K), 2 survivors (2048K)
 Metaspace       used 47918K, capacity 50220K, committed 50352K, reserved 1093632K
  class space    used 5624K, capacity 6534K, committed 6656K, reserved 1048576K
}
Event: 447.757 GC heap after
{Heap after GC invocations=47 (full 0):
 garbage-first heap   total 144384K, used 53627K [0x00000000c0000000, 0x0000000100000000)
  region size 1024K, 4 young (4096K), 4 survivors (4096K)
 Metaspace       used 47918K, capacity 50220K, committed 50352K, reserved 1093632K
  class space    used 5624K, capacity 6534K, committed 6656K, reserved 1048576K
}
Event: 454.417 GC heap before
{Heap before GC invocations=47 (full 0):
 garbage-first heap   total 144384K, used 101755K [0x00000000c0000000, 0x0000000100000000)
  region size 1024K, 51 young (52224K), 4 survivors (4096K)
 Metaspace       used 48219K, capacity 50596K, committed 50864K, reserved 1093632K
  class space    used 5653K, capacity 6576K, committed 6656K, reserved 1048576K
}
Event: 454.454 GC heap after
{Heap after GC invocations=48 (full 0):
 garbage-first heap   total 174080K, used 58946K [0x00000000c0000000, 0x0000000100000000)
  region size 1024K, 7 young (7168K), 7 survivors (7168K)
 Metaspace       used 48219K, capacity 50596K, committed 50864K, reserved 1093632K
  class space    used 5653K, capacity 6576K, committed 6656K, reserved 1048576K
}
Event: 460.727 GC heap before
{Heap before GC invocations=48 (full 0):
 garbage-first heap   total 174080K, used 115266K [0x00000000c0000000, 0x0000000100000000)
  region size 1024K, 62 young (63488K), 7 survivors (7168K)
 Metaspace       used 48611K, capacity 50989K, committed 51120K, reserved 1093632K
  class space    used 5700K, capacity 6643K, committed 6656K, reserved 1048576K
}
Event: 460.777 GC heap after
{Heap after GC invocations=49 (full 0):
 garbage-first heap   total 174080K, used 65157K [0x00000000c0000000, 0x0000000100000000)
  region size 1024K, 6 young (6144K), 6 survivors (6144K)
 Metaspace       used 48611K, capacity 50989K, committed 51120K, reserved 1093632K
  class space    used 5700K, capacity 6643K, committed 6656K, reserved 1048576K
}
Event: 477.237 GC heap before
{Heap before GC invocations=49 (full 0):
 garbage-first heap   total 174080K, used 125573K [0x00000000c0000000, 0x0000000100000000)
  region size 1024K, 64 young (65536K), 6 survivors (6144K)
 Metaspace       used 49393K, capacity 51906K, committed 52016K, reserved 1095680K
  class space    used 5794K, capacity 6708K, committed 6784K, reserved 1048576K
}
Event: 477.284 GC heap after
{Heap after GC invocations=50 (full 0):
 garbage-first heap   total 174080K, used 72192K [0x00000000c0000000, 0x0000000100000000)
  region size 1024K, 6 young (6144K), 6 survivors (6144K)
 Metaspace       used 49393K, capacity 51906K, committed 52016K, reserved 1095680K
  class space    used 5794K, capacity 6708K, committed 6784K, reserved 1048576K
}

